<?xml version="1.0" encoding="UTF-8"?>
<testsuite xmlns:xsi="http://www.w3.org/2001/XMLSchema-instance" xsi:noNamespaceSchemaLocation="https://maven.apache.org/surefire/maven-surefire-plugin/xsd/surefire-test-report-3.0.xsd" version="3.0" name="TestSuite" time="121.649" tests="2" errors="0" skipped="1" failures="1">
  <properties>
    <property name="sun.desktop" value="gnome"/>
    <property name="awt.toolkit" value="sun.awt.X11.XToolkit"/>
    <property name="surefire.suiteXmlFiles" value="stagealooba.xml"/>
    <property name="file.encoding.pkg" value="sun.io"/>
    <property name="java.specification.version" value="1.8"/>
    <property name="sun.cpu.isalist" value=""/>
    <property name="sun.jnu.encoding" value="UTF-8"/>
    <property name="java.class.path" value="/usr/share/maven/boot/plexus-classworlds-2.x.jar"/>
    <property name="java.vm.vendor" value="Private Build"/>
    <property name="sun.arch.data.model" value="64"/>
    <property name="java.vendor.url" value="http://java.oracle.com/"/>
    <property name="user.timezone" value="Asia/Kolkata"/>
    <property name="maven.conf" value="/usr/share/maven/conf"/>
    <property name="os.name" value="Linux"/>
    <property name="java.vm.specification.version" value="1.8"/>
    <property name="user.country" value="IN"/>
    <property name="sun.java.launcher" value="SUN_STANDARD"/>
    <property name="sun.boot.library.path" value="/usr/lib/jvm/java-8-openjdk-amd64/jre/lib/amd64"/>
    <property name="sun.java.command" value="org.codehaus.plexus.classworlds.launcher.Launcher -B clean test -Dsurefire.suiteXmlFiles=stagealooba.xml -Dbrowser=firefox"/>
    <property name="maven.home" value="/usr/share/maven"/>
    <property name="surefire.test.class.path" value="/home/dev/Documents/PerfectQA/selenium/selenium/target/test-classes:/home/dev/Documents/PerfectQA/selenium/selenium/target/classes:/home/dev/.m2/repository/org/apache/poi/poi/3.17/poi-3.17.jar:/home/dev/.m2/repository/commons-codec/commons-codec/1.10/commons-codec-1.10.jar:/home/dev/.m2/repository/org/apache/commons/commons-collections4/4.1/commons-collections4-4.1.jar:/home/dev/.m2/repository/com/googlecode/json-simple/json-simple/1.1.1/json-simple-1.1.1.jar:/home/dev/.m2/repository/junit/junit/4.10/junit-4.10.jar:/home/dev/.m2/repository/com/microsoft/edge/msedge-selenium-tools-java/3.141.1/msedge-selenium-tools-java-3.141.1.jar:/home/dev/.m2/repository/org/seleniumhq/selenium/selenium-api/3.141.59/selenium-api-3.141.59.jar:/home/dev/.m2/repository/org/seleniumhq/selenium/selenium-remote-driver/3.141.59/selenium-remote-driver-3.141.59.jar:/home/dev/.m2/repository/net/bytebuddy/byte-buddy/1.8.15/byte-buddy-1.8.15.jar:/home/dev/.m2/repository/org/apache/commons/commons-exec/1.3/commons-exec-1.3.jar:/home/dev/.m2/repository/com/google/guava/guava/29.0-jre/guava-29.0-jre.jar:/home/dev/.m2/repository/com/google/guava/failureaccess/1.0.1/failureaccess-1.0.1.jar:/home/dev/.m2/repository/com/google/guava/listenablefuture/9999.0-empty-to-avoid-conflict-with-guava/listenablefuture-9999.0-empty-to-avoid-conflict-with-guava.jar:/home/dev/.m2/repository/com/google/code/findbugs/jsr305/3.0.2/jsr305-3.0.2.jar:/home/dev/.m2/repository/org/checkerframework/checker-qual/2.11.1/checker-qual-2.11.1.jar:/home/dev/.m2/repository/com/google/errorprone/error_prone_annotations/2.3.4/error_prone_annotations-2.3.4.jar:/home/dev/.m2/repository/com/google/j2objc/j2objc-annotations/1.3/j2objc-annotations-1.3.jar:/home/dev/.m2/repository/com/squareup/okhttp3/okhttp/3.11.0/okhttp-3.11.0.jar:/home/dev/.m2/repository/com/squareup/okio/okio/1.14.0/okio-1.14.0.jar:/home/dev/.m2/repository/org/apache/poi/poi-ooxml/3.17/poi-ooxml-3.17.jar:/home/dev/.m2/repository/org/apache/poi/poi-ooxml-schemas/3.17/poi-ooxml-schemas-3.17.jar:/home/dev/.m2/repository/org/apache/xmlbeans/xmlbeans/2.6.0/xmlbeans-2.6.0.jar:/home/dev/.m2/repository/stax/stax-api/1.0.1/stax-api-1.0.1.jar:/home/dev/.m2/repository/com/github/virtuald/curvesapi/1.04/curvesapi-1.04.jar:/home/dev/.m2/repository/org/seleniumhq/selenium/selenium-java/3.141.59/selenium-java-3.141.59.jar:/home/dev/.m2/repository/org/seleniumhq/selenium/selenium-chrome-driver/3.141.59/selenium-chrome-driver-3.141.59.jar:/home/dev/.m2/repository/org/seleniumhq/selenium/selenium-edge-driver/3.141.59/selenium-edge-driver-3.141.59.jar:/home/dev/.m2/repository/org/seleniumhq/selenium/selenium-firefox-driver/3.141.59/selenium-firefox-driver-3.141.59.jar:/home/dev/.m2/repository/org/seleniumhq/selenium/selenium-ie-driver/3.141.59/selenium-ie-driver-3.141.59.jar:/home/dev/.m2/repository/org/seleniumhq/selenium/selenium-opera-driver/3.141.59/selenium-opera-driver-3.141.59.jar:/home/dev/.m2/repository/org/seleniumhq/selenium/selenium-safari-driver/3.141.59/selenium-safari-driver-3.141.59.jar:/home/dev/.m2/repository/org/seleniumhq/selenium/selenium-support/3.141.59/selenium-support-3.141.59.jar:/home/dev/.m2/repository/org/codehaus/groovy/groovy-all/2.4.7/groovy-all-2.4.7.jar:/home/dev/.m2/repository/org/apache/james/apache-mime4j/0.5/apache-mime4j-0.5.jar:/home/dev/.m2/repository/commons-logging/commons-logging/1.1/commons-logging-1.1.jar:/home/dev/.m2/repository/commons-lang/commons-lang/2.6/commons-lang-2.6.jar:/home/dev/.m2/repository/commons-cli/commons-cli/1.2/commons-cli-1.2.jar:/home/dev/.m2/repository/org/testng/testng/6.14.3/testng-6.14.3.jar:/home/dev/.m2/repository/com/beust/jcommander/1.72/jcommander-1.72.jar:/home/dev/.m2/repository/org/apache-extras/beanshell/bsh/2.0b6/bsh-2.0b6.jar:/home/dev/.m2/repository/org/apache/httpcomponents/httpclient/4.3.3/httpclient-4.3.3.jar:/home/dev/.m2/repository/org/apache/httpcomponents/httpcore/4.3.2/httpcore-4.3.2.jar:/home/dev/.m2/repository/ch/qos/logback/logback-classic/1.0.6/logback-classic-1.0.6.jar:/home/dev/.m2/repository/ch/qos/logback/logback-core/1.0.6/logback-core-1.0.6.jar:/home/dev/.m2/repository/org/slf4j/slf4j-api/1.6.5/slf4j-api-1.6.5.jar:/home/dev/.m2/repository/com/google/inject/guice/3.0/guice-3.0.jar:/home/dev/.m2/repository/javax/inject/javax.inject/1/javax.inject-1.jar:/home/dev/.m2/repository/aopalliance/aopalliance/1.0/aopalliance-1.0.jar:/home/dev/.m2/repository/org/uncommons/reportng/1.1.4/reportng-1.1.4.jar:/home/dev/.m2/repository/velocity/velocity/1.4/velocity-1.4.jar:/home/dev/.m2/repository/velocity/velocity-dep/1.4/velocity-dep-1.4.jar:/home/dev/.m2/repository/com/relevantcodes/extentreports/2.41.2/extentreports-2.41.2.jar:/home/dev/.m2/repository/org/jsoup/jsoup/1.8.3/jsoup-1.8.3.jar:/home/dev/.m2/repository/org/xerial/sqlite-jdbc/3.8.11.1/sqlite-jdbc-3.8.11.1.jar:/home/dev/.m2/repository/org/freemarker/freemarker/2.3.23/freemarker-2.3.23.jar:/home/dev/.m2/repository/org/mongodb/mongodb-driver/3.0.4/mongodb-driver-3.0.4.jar:/home/dev/.m2/repository/org/mongodb/bson/3.0.4/bson-3.0.4.jar:/home/dev/.m2/repository/org/mongodb/mongodb-driver-core/3.0.4/mongodb-driver-core-3.0.4.jar:/home/dev/.m2/repository/net/serenity-bdd/serenity-core/1.1.21/serenity-core-1.1.21.jar:/home/dev/.m2/repository/cglib/cglib/3.1/cglib-3.1.jar:/home/dev/.m2/repository/org/ow2/asm/asm/5.0.3/asm-5.0.3.jar:/home/dev/.m2/repository/org/objenesis/objenesis/2.1/objenesis-2.1.jar:/home/dev/.m2/repository/xml-apis/xml-apis/1.4.01/xml-apis-1.4.01.jar:/home/dev/.m2/repository/info/cukes/cucumber-core/1.2.4/cucumber-core-1.2.4.jar:/home/dev/.m2/repository/info/cukes/cucumber-html/0.2.3/cucumber-html-0.2.3.jar:/home/dev/.m2/repository/info/cukes/cucumber-jvm-deps/1.0.5/cucumber-jvm-deps-1.0.5.jar:/home/dev/.m2/repository/info/cukes/gherkin/2.12.2/gherkin-2.12.2.jar:/home/dev/.m2/repository/org/mockito/mockito-core/1.9.5/mockito-core-1.9.5.jar:/home/dev/.m2/repository/net/serenity-bdd/serenity-report-resources/1.1.21/serenity-report-resources-1.1.21.jar:/home/dev/.m2/repository/com/google/code/gson/gson/2.3.1/gson-2.3.1.jar:/home/dev/.m2/repository/commons-io/commons-io/2.4/commons-io-2.4.jar:/home/dev/.m2/repository/com/opera/operadriver/1.5/operadriver-1.5.jar:/home/dev/.m2/repository/com/opera/operalaunchers/1.1/operalaunchers-1.1.jar:/home/dev/.m2/repository/com/google/protobuf/protobuf-java/2.4.1/protobuf-java-2.4.1.jar:/home/dev/.m2/repository/commons-jxpath/commons-jxpath/1.3/commons-jxpath-1.3.jar:/home/dev/.m2/repository/org/ini4j/ini4j/0.5.2/ini4j-0.5.2.jar:/home/dev/.m2/repository/org/seleniumhq/selenium/selenium-server/2.48.2/selenium-server-2.48.2.jar:/home/dev/.m2/repository/org/bouncycastle/bcprov-jdk15on/1.48/bcprov-jdk15on-1.48.jar:/home/dev/.m2/repository/org/bouncycastle/bcpkix-jdk15on/1.48/bcpkix-jdk15on-1.48.jar:/home/dev/.m2/repository/mx4j/mx4j-tools/3.0.1/mx4j-tools-3.0.1.jar:/home/dev/.m2/repository/org/mortbay/jetty/servlet-api-2.5/6.1.9/servlet-api-2.5-6.1.9.jar:/home/dev/.m2/repository/org/seleniumhq/selenium/jetty-repacked/9.2.13.v20150730/jetty-repacked-9.2.13.v20150730.jar:/home/dev/.m2/repository/javax/servlet/javax.servlet-api/3.1.0/javax.servlet-api-3.1.0.jar:/home/dev/.m2/repository/org/seleniumhq/selenium/jetty-rc-repacked/5/jetty-rc-repacked-5.jar:/home/dev/.m2/repository/net/jcip/jcip-annotations/1.0/jcip-annotations-1.0.jar:/home/dev/.m2/repository/org/yaml/snakeyaml/1.8/snakeyaml-1.8.jar:/home/dev/.m2/repository/com/codeborne/phantomjsdriver/1.2.1/phantomjsdriver-1.2.1.jar:/home/dev/.m2/repository/io/appium/java-client/3.2.0/java-client-3.2.0.jar:/home/dev/.m2/repository/commons-validator/commons-validator/1.4.1/commons-validator-1.4.1.jar:/home/dev/.m2/repository/commons-beanutils/commons-beanutils/1.8.3/commons-beanutils-1.8.3.jar:/home/dev/.m2/repository/commons-digester/commons-digester/1.8.1/commons-digester-1.8.1.jar:/home/dev/.m2/repository/org/codehaus/groovy/groovy/2.3.10/groovy-2.3.10.jar:/home/dev/.m2/repository/net/sf/opencsv/opencsv/2.0/opencsv-2.0.jar:/home/dev/.m2/repository/commons-beanutils/commons-beanutils-core/1.8.3/commons-beanutils-core-1.8.3.jar:/home/dev/.m2/repository/com/googlecode/lambdaj/lambdaj/2.3.3/lambdaj-2.3.3.jar:/home/dev/.m2/repository/joda-time/joda-time/2.7/joda-time-2.7.jar:/home/dev/.m2/repository/com/thoughtworks/xstream/xstream/1.4.5/xstream-1.4.5.jar:/home/dev/.m2/repository/xmlpull/xmlpull/1.1.3.1/xmlpull-1.1.3.1.jar:/home/dev/.m2/repository/xpp3/xpp3_min/1.1.4c/xpp3_min-1.1.4c.jar:/home/dev/.m2/repository/org/apache/commons/commons-lang3/3.3.2/commons-lang3-3.3.2.jar:/home/dev/.m2/repository/commons-collections/commons-collections/3.2.1/commons-collections-3.2.1.jar:/home/dev/.m2/repository/net/sourceforge/jexcelapi/jxl/2.6.12/jxl-2.6.12.jar:/home/dev/.m2/repository/org/hamcrest/hamcrest-core/1.3/hamcrest-core-1.3.jar:/home/dev/.m2/repository/org/hamcrest/hamcrest-library/1.3/hamcrest-library-1.3.jar:/home/dev/.m2/repository/net/sourceforge/htmlunit/htmlunit/2.18/htmlunit-2.18.jar:/home/dev/.m2/repository/xalan/xalan/2.7.2/xalan-2.7.2.jar:/home/dev/.m2/repository/xalan/serializer/2.7.2/serializer-2.7.2.jar:/home/dev/.m2/repository/net/sourceforge/htmlunit/htmlunit-core-js/2.17/htmlunit-core-js-2.17.jar:/home/dev/.m2/repository/xerces/xercesImpl/2.11.0/xercesImpl-2.11.0.jar:/home/dev/.m2/repository/net/sourceforge/nekohtml/nekohtml/1.9.22/nekohtml-1.9.22.jar:/home/dev/.m2/repository/net/sourceforge/cssparser/cssparser/0.9.16/cssparser-0.9.16.jar:/home/dev/.m2/repository/org/w3c/css/sac/1.3/sac-1.3.jar:/home/dev/.m2/repository/org/eclipse/jetty/websocket/websocket-client/9.2.12.v20150709/websocket-client-9.2.12.v20150709.jar:/home/dev/.m2/repository/org/eclipse/jetty/jetty-util/9.2.12.v20150709/jetty-util-9.2.12.v20150709.jar:/home/dev/.m2/repository/org/eclipse/jetty/jetty-io/9.2.12.v20150709/jetty-io-9.2.12.v20150709.jar:/home/dev/.m2/repository/org/eclipse/jetty/websocket/websocket-common/9.2.12.v20150709/websocket-common-9.2.12.v20150709.jar:/home/dev/.m2/repository/org/eclipse/jetty/websocket/websocket-api/9.2.12.v20150709/websocket-api-9.2.12.v20150709.jar:/home/dev/.m2/repository/org/apache/httpcomponents/httpmime/4.4.1/httpmime-4.4.1.jar:/home/dev/.m2/repository/org/fluentlenium/fluentlenium-core/0.10.2/fluentlenium-core-0.10.2.jar:/home/dev/.m2/repository/com/jhlabs/filters/2.0.235/filters-2.0.235.jar:/home/dev/.m2/repository/org/asciidoctor/asciidoctor-java-integration/0.1.4/asciidoctor-java-integration-0.1.4.jar:/home/dev/.m2/repository/org/jruby/jruby-complete/1.7.4/jruby-complete-1.7.4.jar:/home/dev/.m2/repository/org/imgscalr/imgscalr-lib/4.2/imgscalr-lib-4.2.jar:/home/dev/.m2/repository/javax/validation/validation-api/1.1.0.Final/validation-api-1.1.0.Final.jar:/home/dev/.m2/repository/org/hibernate/hibernate-validator/5.1.1.Final/hibernate-validator-5.1.1.Final.jar:/home/dev/.m2/repository/org/jboss/logging/jboss-logging/3.1.3.GA/jboss-logging-3.1.3.GA.jar:/home/dev/.m2/repository/com/fasterxml/classmate/1.0.0/classmate-1.0.0.jar:/home/dev/.m2/repository/javax/el/javax.el-api/2.2.4/javax.el-api-2.2.4.jar:/home/dev/.m2/repository/org/glassfish/web/javax.el/2.2.4/javax.el-2.2.4.jar:/home/dev/.m2/repository/com/jayway/awaitility/awaitility/1.6.3/awaitility-1.6.3.jar:/home/dev/.m2/repository/com/typesafe/config/1.2.1/config-1.2.1.jar:/home/dev/.m2/repository/com/google/jimfs/jimfs/1.0/jimfs-1.0.jar:/home/dev/.m2/repository/net/serenity-bdd/serenity-junit/1.1.21/serenity-junit-1.1.21.jar:/home/dev/.m2/repository/javax/xml/bind/jaxb-api/2.3.1/jaxb-api-2.3.1.jar:/home/dev/.m2/repository/javax/activation/javax.activation-api/1.2.0/javax.activation-api-1.2.0.jar:/home/dev/.m2/repository/com/sun/xml/bind/jaxb-impl/2.3.1/jaxb-impl-2.3.1.jar:/home/dev/.m2/repository/com/sun/xml/bind/jaxb-core/2.3.0/jaxb-core-2.3.0.jar:/home/dev/.m2/repository/org/eclipse/persistence/org.eclipse.persistence.moxy/2.7.3/org.eclipse.persistence.moxy-2.7.3.jar:/home/dev/.m2/repository/org/eclipse/persistence/org.eclipse.persistence.core/2.7.3/org.eclipse.persistence.core-2.7.3.jar:/home/dev/.m2/repository/org/eclipse/persistence/org.eclipse.persistence.asm/2.7.3/org.eclipse.persistence.asm-2.7.3.jar:/home/dev/.m2/repository/javax/json/javax.json-api/1.1.2/javax.json-api-1.1.2.jar:"/>
    <property name="sun.cpu.endian" value="little"/>
    <property name="user.home" value="/home/dev"/>
    <property name="user.language" value="en"/>
    <property name="java.specification.vendor" value="Oracle Corporation"/>
    <property name="java.home" value="/usr/lib/jvm/java-8-openjdk-amd64/jre"/>
    <property name="basedir" value="/home/dev/Documents/PerfectQA/selenium/selenium"/>
    <property name="file.separator" value="/"/>
    <property name="line.separator" value="&#10;"/>
    <property name="java.vm.specification.vendor" value="Oracle Corporation"/>
    <property name="java.specification.name" value="Java Platform API Specification"/>
    <property name="java.awt.graphicsenv" value="sun.awt.X11GraphicsEnvironment"/>
    <property name="sun.boot.class.path" value="/usr/lib/jvm/java-8-openjdk-amd64/jre/lib/resources.jar:/usr/lib/jvm/java-8-openjdk-amd64/jre/lib/rt.jar:/usr/lib/jvm/java-8-openjdk-amd64/jre/lib/sunrsasign.jar:/usr/lib/jvm/java-8-openjdk-amd64/jre/lib/jsse.jar:/usr/lib/jvm/java-8-openjdk-amd64/jre/lib/jce.jar:/usr/lib/jvm/java-8-openjdk-amd64/jre/lib/charsets.jar:/usr/lib/jvm/java-8-openjdk-amd64/jre/lib/jfr.jar:/usr/lib/jvm/java-8-openjdk-amd64/jre/classes"/>
    <property name="sun.management.compiler" value="HotSpot 64-Bit Tiered Compilers"/>
    <property name="java.runtime.version" value="1.8.0_312-8u312-b07-0ubuntu1~20.04-b07"/>
    <property name="user.name" value="dev"/>
    <property name="path.separator" value=":"/>
    <property name="securerandom.source" value="file:/dev/./urandom"/>
    <property name="os.version" value="5.4.0-121-generic"/>
    <property name="java.endorsed.dirs" value="/usr/lib/jvm/java-8-openjdk-amd64/jre/lib/endorsed"/>
    <property name="java.runtime.name" value="OpenJDK Runtime Environment"/>
    <property name="file.encoding" value="UTF-8"/>
    <property name="guice.disable.misplaced.annotation.check" value="true"/>
    <property name="browser" value="firefox"/>
    <property name="java.vm.name" value="OpenJDK 64-Bit Server VM"/>
    <property name="localRepository" value="/home/dev/.m2/repository"/>
    <property name="java.vendor.url.bug" value="http://bugreport.sun.com/bugreport/"/>
    <property name="java.io.tmpdir" value="/tmp"/>
    <property name="java.version" value="1.8.0_312"/>
    <property name="user.dir" value="/home/dev/Documents/PerfectQA/selenium/selenium/target"/>
    <property name="os.arch" value="amd64"/>
    <property name="maven.multiModuleProjectDirectory" value="/home/dev/Documents/PerfectQA/selenium/selenium"/>
    <property name="webdriver.gecko.driver" value="/usr/local/geckodriver-v0.31.0-linux64/geckodriver"/>
    <property name="java.vm.specification.name" value="Java Virtual Machine Specification"/>
    <property name="java.awt.printerjob" value="sun.print.PSPrinterJob"/>
    <property name="sun.os.patch.level" value="unknown"/>
    <property name="java.library.path" value="/usr/java/packages/lib/amd64:/usr/lib/x86_64-linux-gnu/jni:/lib/x86_64-linux-gnu:/usr/lib/x86_64-linux-gnu:/usr/lib/jni:/lib:/usr/lib"/>
    <property name="java.vm.info" value="mixed mode"/>
    <property name="java.vendor" value="Private Build"/>
    <property name="java.vm.version" value="25.312-b07"/>
    <property name="classworlds.conf" value="/usr/share/maven/bin/m2.conf"/>
    <property name="java.ext.dirs" value="/usr/lib/jvm/java-8-openjdk-amd64/jre/lib/ext:/usr/java/packages/lib/ext"/>
    <property name="sun.io.unicode.encoding" value="UnicodeLittle"/>
    <property name="library.jansi.path" value="/usr/share/maven/lib/jansi-native"/>
    <property name="java.class.version" value="52.0"/>
  </properties>
  <testcase name="MCQ[stage](1)" classname="com.alooba.verifications.Index" time="0">
    <skipped message="Unable to locate element: //strong[contains(text(),&apos;Alooba Assess&apos;)]&#10;For documentation on this error, please visit: https://www.seleniumhq.org/exceptions/no_such_element.html&#10;Build info: version: &apos;3.141.59&apos;, revision: &apos;e82be7d358&apos;, time: &apos;2018-11-14T08:17:03&apos;&#10;System info: host: &apos;dev-pc&apos;, ip: &apos;127.0.1.1&apos;, os.name: &apos;Linux&apos;, os.arch: &apos;amd64&apos;, os.version: &apos;5.4.0-121-generic&apos;, java.version: &apos;1.8.0_312&apos;&#10;Driver info: org.openqa.selenium.firefox.FirefoxDriver&#10;Capabilities {acceptInsecureCerts: true, browserName: firefox, browserVersion: 102.0, javascriptEnabled: true, moz:accessibilityChecks: false, moz:buildID: 20220623063721, moz:geckodriverVersion: 0.31.0, moz:headless: false, moz:processID: 13072, moz:profile: /tmp/rust_mozprofile63zvhu, moz:shutdownTimeout: 60000, moz:useNonSpecCompliantPointerOrigin: false, moz:webdriverClick: true, moz:windowless: false, pageLoadStrategy: normal, platform: LINUX, platformName: LINUX, platformVersion: 5.4.0-121-generic, proxy: Proxy(), setWindowRect: true, strictFileInteractability: false, timeouts: {implicit: 0, pageLoad: 300000, script: 30000}, unhandledPromptBehavior: dismiss and notify}&#10;Session ID: 5c37d599-c675-4b81-8f11-2d8cf1645cb6&#10;*** Element info: {Using=xpath, value=//strong[contains(text(),&apos;Alooba Assess&apos;)]}"/>
    <system-out><![CDATA[[TestNGContentHandler] [WARN] It is strongly recommended to add "<!DOCTYPE suite SYSTEM "http://testng.org/testng-1.0.dtd" >" at the top of your file, otherwise TestNG may fail or not work as expected.
[TestNG] [WARN] Ignoring duplicate listener : org.uncommons.reportng.HTMLReporter
[TestNG] [WARN] Ignoring duplicate listener : org.uncommons.reportng.JUnitXMLReporter
...
... TestNG 6.14.3 by Cédric Beust (cedric@beust.com)
...

Feature-UAT"MCQ_DataAnalysis,TestCase Name: 1.26 Verify Test For MCQ_DataAnalysis Feature.
Script : Verify Test For MCQ_DataAnalysis.
-----------------------------------------------------------------------------------
System OS :: linux
-----------------------------------------------------------------------------------
Initial URL :: https://alooba:alooba@staging.alooba.com/
Step :: Click on Login Link
Step :: Verify Login Page Elements
Users List-> [{"candidates":{"phone_number":"+19197802343","email":{"prefix":"le2j3.","suffix":"@inbox.testmail.app"}},"base_urls":{"landing":{"auth":"alooba:alooba","url":"https:\/\/alooba:alooba@staging.alooba.com\/"},"v1":{"url":"https:\/\/alooba:alooba@app1.stage.alooba.com"},"v2":{"url":"https:\/\/alooba:alooba@app.stage.alooba.com"}},"users":{"paid_admin":{},"non_existing":{"password":"Sample123","username":"example@alooba.com"},"paid_standard":{},"unpaid_owner":{},"invalid_password":{"password":"Sample123","username":"qa+automation@alooba.com"},"paid_owner":{"password":"Alooba123","username":"qa+automation@alooba.com"},"paid_restricted":{}}}]
Users -> {"candidates":{"phone_number":"+19197802343","email":{"prefix":"le2j3.","suffix":"@inbox.testmail.app"}},"base_urls":{"landing":{"auth":"alooba:alooba","url":"https:\/\/alooba:alooba@staging.alooba.com\/"},"v1":{"url":"https:\/\/alooba:alooba@app1.stage.alooba.com"},"v2":{"url":"https:\/\/alooba:alooba@app.stage.alooba.com"}},"users":{"paid_admin":{},"non_existing":{"password":"Sample123","username":"example@alooba.com"},"paid_standard":{},"unpaid_owner":{},"invalid_password":{"password":"Sample123","username":"qa+automation@alooba.com"},"paid_owner":{"password":"Alooba123","username":"qa+automation@alooba.com"},"paid_restricted":{}}}
Step :: Enter email address : qa+automation@alooba.com
Step :: Enter password : Alooba123
Step :: log in is successful
Step: Click on Hiring Assessment button
Step: Click on Create Assessment button
Step :: Click on Create Customized Assessment button
Step :: Select Assesstment Type: Hiring
Retrying MCQ again and the count is 1
]]></system-out>
    <system-err><![CDATA[Jul 06, 2022 12:57:20 PM org.openqa.selenium.remote.DesiredCapabilities firefox
INFO: Using `new FirefoxOptions()` is preferred to `DesiredCapabilities.firefox()`
1657092440901	geckodriver	INFO	Listening on 127.0.0.1:15390
1657092441139	mozrunner::runner	INFO	Running command: "/usr/lib/firefox/firefox" "--marionette" "-no-remote" "-profile" "/tmp/rust_mozprofile63zvhu"
ATTENTION: default value of option mesa_glthread overridden by environment.
ATTENTION: default value of option mesa_glthread overridden by environment.
ATTENTION: default value of option mesa_glthread overridden by environment.
ATTENTION: default value of option mesa_glthread overridden by environment.
1657092442448	Marionette	INFO	Marionette enabled
1657092442456	Marionette	INFO	Listening on port 40827
Read port: 40827
1657092442631	RemoteAgent	WARN	TLS certificate errors will be ignored for this session
console.warn: SearchSettings: "get: No settings file exists, new profile?" (new NotFoundError("Could not open the file at /tmp/rust_mozprofile63zvhu/search.json.mozlz4", (void 0)))
Missing chrome or resource URL: resource://gre/modules/UpdateListener.jsm
Missing chrome or resource URL: resource://gre/modules/UpdateListener.sys.mjs
Jul 06, 2022 12:57:24 PM org.openqa.selenium.remote.ProtocolHandshake createSession
INFO: Detected dialect: W3C
JavaScript error: https://alooba:alooba@staging.alooba.com/, line 858: TypeError: window.external.msTrackingProtectionEnabled is not a function
JavaScript warning: https://app.stage.alooba.com/static/js/2.268bdd69.chunk.js, line 2: unreachable code after return statement
JavaScript warning: https://app.stage.alooba.com/static/js/2.268bdd69.chunk.js, line 2: unreachable code after return statement
JavaScript warning: https://app.stage.alooba.com/static/js/2.268bdd69.chunk.js, line 2: unreachable code after return statement
console.warn: LoginRecipes: "getRecipes: falling back to a synchronous message for:" "https://app.stage.alooba.com"
console.warn: LoginRecipes: "getRecipes: falling back to a syncJharonouvaScsrip mets serror: raegseo urce://gfroer/:m"o d"uhltets/LoginManagerParentp.sj:s/m/,a pline 136: TypeError: gRecipeManager is null
p.stage.alooba.com"
console.warn: LoginRecipes: "getRecipes: falling baJcakv to a synchronaSocript error: resuosu rmcees:s/a/gger ef/omro:" "dhuttpsl:e//sa/pLpo.ginManagersParent.jsm, line 136: TypeError: gRecipeManager is null
tage.alooba.com"
JavaScript warning: https://app.stage.alooba.com/static/js/2.268bdd69.chunk.js, line 2: unreachable code after return statement
JavaScript warning: https://app.stage.alooba.com/static/js/2.268bdd69.chunk.js, line 2: unreachable code after return statement
JavaScript warning: https://app.stage.alooba.com/static/js/2.268bdd69.chunk.js, line 2: unreachable code after return statement
]]></system-err>
  </testcase>
  <testcase name="MCQ[stage](2)" classname="com.alooba.verifications.Index" time="49.828">
    <failure message="Unable to locate element: //strong[contains(text(),&apos;Alooba Assess&apos;)]&#10;For documentation on this error, please visit: https://www.seleniumhq.org/exceptions/no_such_element.html&#10;Build info: version: &apos;3.141.59&apos;, revision: &apos;e82be7d358&apos;, time: &apos;2018-11-14T08:17:03&apos;&#10;System info: host: &apos;dev-pc&apos;, ip: &apos;127.0.1.1&apos;, os.name: &apos;Linux&apos;, os.arch: &apos;amd64&apos;, os.version: &apos;5.4.0-121-generic&apos;, java.version: &apos;1.8.0_312&apos;&#10;Driver info: org.openqa.selenium.firefox.FirefoxDriver&#10;Capabilities {acceptInsecureCerts: true, browserName: firefox, browserVersion: 102.0, javascriptEnabled: true, moz:accessibilityChecks: false, moz:buildID: 20220623063721, moz:geckodriverVersion: 0.31.0, moz:headless: false, moz:processID: 13539, moz:profile: /tmp/rust_mozprofilednOIVI, moz:shutdownTimeout: 60000, moz:useNonSpecCompliantPointerOrigin: false, moz:webdriverClick: true, moz:windowless: false, pageLoadStrategy: normal, platform: LINUX, platformName: LINUX, platformVersion: 5.4.0-121-generic, proxy: Proxy(), setWindowRect: true, strictFileInteractability: false, timeouts: {implicit: 0, pageLoad: 300000, script: 30000}, unhandledPromptBehavior: dismiss and notify}&#10;Session ID: 58ace1c2-6298-4870-b50c-e905452ce0e8&#10;*** Element info: {Using=xpath, value=//strong[contains(text(),&apos;Alooba Assess&apos;)]}" type="org.openqa.selenium.NoSuchElementException"><![CDATA[org.openqa.selenium.NoSuchElementException: 
Unable to locate element: //strong[contains(text(),'Alooba Assess')]
For documentation on this error, please visit: https://www.seleniumhq.org/exceptions/no_such_element.html
Build info: version: '3.141.59', revision: 'e82be7d358', time: '2018-11-14T08:17:03'
System info: host: 'dev-pc', ip: '127.0.1.1', os.name: 'Linux', os.arch: 'amd64', os.version: '5.4.0-121-generic', java.version: '1.8.0_312'
Driver info: org.openqa.selenium.firefox.FirefoxDriver
Capabilities {acceptInsecureCerts: true, browserName: firefox, browserVersion: 102.0, javascriptEnabled: true, moz:accessibilityChecks: false, moz:buildID: 20220623063721, moz:geckodriverVersion: 0.31.0, moz:headless: false, moz:processID: 13539, moz:profile: /tmp/rust_mozprofilednOIVI, moz:shutdownTimeout: 60000, moz:useNonSpecCompliantPointerOrigin: false, moz:webdriverClick: true, moz:windowless: false, pageLoadStrategy: normal, platform: LINUX, platformName: LINUX, platformVersion: 5.4.0-121-generic, proxy: Proxy(), setWindowRect: true, strictFileInteractability: false, timeouts: {implicit: 0, pageLoad: 300000, script: 30000}, unhandledPromptBehavior: dismiss and notify}
Session ID: 58ace1c2-6298-4870-b50c-e905452ce0e8
*** Element info: {Using=xpath, value=//strong[contains(text(),'Alooba Assess')]}
	at com.alooba.verifications.Index.MCQ(Index.java:1146)
]]></failure>
    <system-out><![CDATA[Feature-UAT"MCQ_DataAnalysis,TestCase Name: 1.26 Verify Test For MCQ_DataAnalysis Feature.
Script : Verify Test For MCQ_DataAnalysis.
-----------------------------------------------------------------------------------
System OS :: linux
-----------------------------------------------------------------------------------
Initial URL :: https://alooba:alooba@staging.alooba.com/
Step :: Click on Login Link
Step :: Verify Login Page Elements
Users List-> [{"candidates":{"phone_number":"+19197802343","email":{"prefix":"le2j3.","suffix":"@inbox.testmail.app"}},"base_urls":{"landing":{"auth":"alooba:alooba","url":"https:\/\/alooba:alooba@staging.alooba.com\/"},"v1":{"url":"https:\/\/alooba:alooba@app1.stage.alooba.com"},"v2":{"url":"https:\/\/alooba:alooba@app.stage.alooba.com"}},"users":{"paid_admin":{},"non_existing":{"password":"Sample123","username":"example@alooba.com"},"paid_standard":{},"unpaid_owner":{},"invalid_password":{"password":"Sample123","username":"qa+automation@alooba.com"},"paid_owner":{"password":"Alooba123","username":"qa+automation@alooba.com"},"paid_restricted":{}}}]
Users -> {"candidates":{"phone_number":"+19197802343","email":{"prefix":"le2j3.","suffix":"@inbox.testmail.app"}},"base_urls":{"landing":{"auth":"alooba:alooba","url":"https:\/\/alooba:alooba@staging.alooba.com\/"},"v1":{"url":"https:\/\/alooba:alooba@app1.stage.alooba.com"},"v2":{"url":"https:\/\/alooba:alooba@app.stage.alooba.com"}},"users":{"paid_admin":{},"non_existing":{"password":"Sample123","username":"example@alooba.com"},"paid_standard":{},"unpaid_owner":{},"invalid_password":{"password":"Sample123","username":"qa+automation@alooba.com"},"paid_owner":{"password":"Alooba123","username":"qa+automation@alooba.com"},"paid_restricted":{}}}
Step :: Enter email address : qa+automation@alooba.com
Step :: Enter password : Alooba123
Step :: log in is successful
Step: Click on Hiring Assessment button
Step: Click on Create Assessment button
Step :: Click on Create Customized Assessment button
Step :: Select Assesstment Type: Hiring
]]></system-out>
    <system-err><![CDATA[1657092500468	Marionette	INFO	Stopped listening on port 40827
Missing chrome or resourccoen sUoRlLe:. errersooru:r c"eE:r/r/ogrr ed/umroidnugl eqsu/iUtp-daaptpelLiicsatteinoenr-.gjrsamn
ted:M i[sEsxicnegp tcihorno.m.e.  o\r" Frielseo uerrcreo rU:R LN:o tr efsoouunrdc\e": / /ngsrree/smuoldtu:l e\s"/0Uxp8d0a5t2e0L0i1stener.sys.mjs
2 (NS_ERROR_FILE_NOT_FOUND)\"  location: \"JS frame :: resource:///modules/BrowserGlue.jsm :: _onQuitApplicationGranted/tasks< :: line 1996\"  data: no]"
Jul 06, 2022 12:58:21 PM org.openqa.selenium.remote.DesiredCapabilities firefox
INFO: Using `new FirefoxOptions()` is preferred to `DesiredCapabilities.firefox()`
1657092501379	geckodriver	INFO	Listening on 127.0.0.1:30287
1657092501393	mozrunner::runner	INFO	Running command: "/usr/lib/firefox/firefox" "--marionette" "-no-remote" "-profile" "/tmp/rust_mozprofilednOIVI"
ATTENTION: default value of option mesa_glthread overridden by environment.
ATTENTION: default value of option mesa_glthread overridden by environment.
ATTENTION: default value of option mesa_glthread overridden by environment.
ATTENTION: default value of option mesa_glthread overridden by environment.
1657092502774	Marionette	INFO	Marionette enabled
1657092502781	Marionette	INFO	Listening on port 38571
Read port: 38571
1657092502973	RemoteAgent	WARN	TLS certificate errors will be ignored for this session
console.warn: SearchSettings: "get: No settings file exists, new profile?" (new NotFoundError("Could not open the file at /tmp/rust_mozprofilednOIVI/search.json.mozlz4", (void 0)))
Missing chrome or resource URL: resource://gre/modules/UpdateListener.jsm
Missing chrome or resource URL: resource://gre/modules/UpdateListener.sys.mjs
Jul 06, 2022 12:58:25 PM org.openqa.selenium.remote.ProtocolHandshake createSession
INFO: Detected dialect: W3C
JavaScript error: https://alooba:alooba@staging.alooba.com/, line 858: TypeError: window.external.msTrackingProtectionEnabled is not a function
JavaScript warning: https://app.stage.alooba.com/static/js/2.268bdd69.chunk.js, line 2: unreachable code after return statement
JavaScript warning: https://app.stage.alooba.com/static/js/2.268bdd69.chunk.js, line 2: unreachable code after return statement
JavaScript warning: https://app.stage.alooba.com/static/js/2.268bdd69.chunk.js, line 2: unreachable code after return statement
console.warn: LoginRecipes: "getRecipes: falling back to a synchronous message for:" "https://app.stage.alooba.com"
console.warn: LoginRecipes: "getRecipes: falling back to a synchronouJsa vmessagaScriept  efrroor: rr:eso"urc e"https:/://app.stage.alooba.com"
/gre/modules/LoginManagerParent.jsm, line 136: TypeError: gRecipeManager is null
console.warn: LoginRecipes: "getRecipes: falling back to a synchroJnavous message for:" "https://apaSpc.rsitpat gerreor:. alooba.com"
resource://gre/modules/LoginManagerParent.jsm, line 136: TypeError: gRecipeManager is null
JavaScript warning: https://app.stage.alooba.com/static/js/2.268bdd69.chunk.js, line 2: unreachable code after return statement
JavaScript warning: https://app.stage.alooba.com/static/js/2.268bdd69.chunk.js, line 2: unreachable code after return statement
JavaScript warning: https://app.stage.alooba.com/static/js/2.268bdd69.chunk.js, line 2: unreachable code after return statement
]]></system-err>
  </testcase>
</testsuite>